  [1m[35m (0.1ms)[0m  [1m[34mSELECT sqlite_version(*)[0m
  ↳ C:/RailsInstaller/Ruby2.3.3/bin/rake:22
  [1m[35m (15.2ms)[0m  [1m[35mCREATE TABLE "schema_migrations" ("version" varchar NOT NULL PRIMARY KEY)[0m
  ↳ C:/RailsInstaller/Ruby2.3.3/bin/rake:22
  [1m[35m (14.2ms)[0m  [1m[35mCREATE TABLE "ar_internal_metadata" ("key" varchar NOT NULL PRIMARY KEY, "value" varchar, "created_at" datetime NOT NULL, "updated_at" datetime NOT NULL)[0m
  ↳ C:/RailsInstaller/Ruby2.3.3/bin/rake:22
  [1m[35m (0.2ms)[0m  [1m[34mSELECT "schema_migrations"."version" FROM "schema_migrations" ORDER BY "schema_migrations"."version" ASC[0m
  ↳ C:/RailsInstaller/Ruby2.3.3/bin/rake:22
Migrating to CreateOwners (20190209080450)
  [1m[35m (0.1ms)[0m  [1m[36mbegin transaction[0m
  ↳ C:/RailsInstaller/Ruby2.3.3/bin/rake:22
  [1m[35m (0.8ms)[0m  [1m[35mCREATE TABLE "owners" ("id" integer PRIMARY KEY AUTOINCREMENT NOT NULL, "name" text, "created_at" datetime NOT NULL, "updated_at" datetime NOT NULL)[0m
  ↳ db/migrate/20190209080450_create_owners.rb:3
  [1m[36mActiveRecord::SchemaMigration Create (0.1ms)[0m  [1m[32mINSERT INTO "schema_migrations" ("version") VALUES (?)[0m  [["version", "20190209080450"]]
  ↳ C:/RailsInstaller/Ruby2.3.3/bin/rake:22
  [1m[35m (14.4ms)[0m  [1m[36mcommit transaction[0m
  ↳ C:/RailsInstaller/Ruby2.3.3/bin/rake:22
Migrating to CreateProjects (20190209080519)
  [1m[35m (0.1ms)[0m  [1m[36mbegin transaction[0m
  ↳ C:/RailsInstaller/Ruby2.3.3/bin/rake:22
  [1m[35m (1.0ms)[0m  [1m[35mCREATE TABLE "projects" ("id" integer PRIMARY KEY AUTOINCREMENT NOT NULL, "name" text, "owner_id" integer, "created_at" datetime NOT NULL, "updated_at" datetime NOT NULL, CONSTRAINT "fk_rails_219ef9bf7d"
FOREIGN KEY ("owner_id")
  REFERENCES "owners" ("id")
)[0m
  ↳ db/migrate/20190209080519_create_projects.rb:3
  [1m[35m (0.1ms)[0m  [1m[35mCREATE  INDEX "index_projects_on_owner_id" ON "projects" ("owner_id")[0m
  ↳ db/migrate/20190209080519_create_projects.rb:3
  [1m[36mActiveRecord::SchemaMigration Create (0.1ms)[0m  [1m[32mINSERT INTO "schema_migrations" ("version") VALUES (?)[0m  [["version", "20190209080519"]]
  ↳ C:/RailsInstaller/Ruby2.3.3/bin/rake:22
  [1m[35m (14.7ms)[0m  [1m[36mcommit transaction[0m
  ↳ C:/RailsInstaller/Ruby2.3.3/bin/rake:22
Migrating to CreateResults (20190209080603)
  [1m[35m (0.0ms)[0m  [1m[36mbegin transaction[0m
  ↳ C:/RailsInstaller/Ruby2.3.3/bin/rake:22
  [1m[35m (0.8ms)[0m  [1m[35mCREATE TABLE "results" ("id" integer PRIMARY KEY AUTOINCREMENT NOT NULL, "name" text, "project_id" integer, "created_at" datetime NOT NULL, "updated_at" datetime NOT NULL, CONSTRAINT "fk_rails_facb19e753"
FOREIGN KEY ("project_id")
  REFERENCES "projects" ("id")
)[0m
  ↳ db/migrate/20190209080603_create_results.rb:3
  [1m[35m (0.1ms)[0m  [1m[35mCREATE  INDEX "index_results_on_project_id" ON "results" ("project_id")[0m
  ↳ db/migrate/20190209080603_create_results.rb:3
  [1m[36mActiveRecord::SchemaMigration Create (0.1ms)[0m  [1m[32mINSERT INTO "schema_migrations" ("version") VALUES (?)[0m  [["version", "20190209080603"]]
  ↳ C:/RailsInstaller/Ruby2.3.3/bin/rake:22
  [1m[35m (16.0ms)[0m  [1m[36mcommit transaction[0m
  ↳ C:/RailsInstaller/Ruby2.3.3/bin/rake:22
Migrating to AddUploaderToResults (20190209102941)
  [1m[35m (0.0ms)[0m  [1m[36mbegin transaction[0m
  ↳ C:/RailsInstaller/Ruby2.3.3/bin/rake:22
  [1m[35m (0.3ms)[0m  [1m[35mALTER TABLE "results" ADD "owner" references[0m
  ↳ db/migrate/20190209102941_add_uploader_to_results.rb:3
  [1m[35m (0.0ms)[0m  [1m[31mrollback transaction[0m
  ↳ C:/RailsInstaller/Ruby2.3.3/bin/rake:22
  [1m[35m (0.3ms)[0m  [1m[34mSELECT "schema_migrations"."version" FROM "schema_migrations" ORDER BY "schema_migrations"."version" ASC[0m
  ↳ C:/RailsInstaller/Ruby2.3.3/bin/rake:22
Migrating to AddUploaderToResults (20190209102941)
  [1m[35m (0.1ms)[0m  [1m[36mbegin transaction[0m
  ↳ C:/RailsInstaller/Ruby2.3.3/bin/rake:22
  [1m[35m (0.9ms)[0m  [1m[35mALTER TABLE "results" ADD "owner_id" integer[0m
  ↳ db/migrate/20190209102941_add_uploader_to_results.rb:3
  [1m[35m (0.1ms)[0m  [1m[34mSELECT sqlite_version(*)[0m
  ↳ db/migrate/20190209102941_add_uploader_to_results.rb:3
  [1m[35m (0.1ms)[0m  [1m[35mCREATE  INDEX "index_results_on_owner_id" ON "results" ("owner_id")[0m
  ↳ db/migrate/20190209102941_add_uploader_to_results.rb:3
  [1m[36mActiveRecord::SchemaMigration Create (0.1ms)[0m  [1m[32mINSERT INTO "schema_migrations" ("version") VALUES (?)[0m  [["version", "20190209102941"]]
  ↳ C:/RailsInstaller/Ruby2.3.3/bin/rake:22
  [1m[35m (15.1ms)[0m  [1m[36mcommit transaction[0m
  ↳ C:/RailsInstaller/Ruby2.3.3/bin/rake:22
  [1m[36mActiveRecord::InternalMetadata Load (0.1ms)[0m  [1m[34mSELECT  "ar_internal_metadata".* FROM "ar_internal_metadata" WHERE "ar_internal_metadata"."key" = ? LIMIT ?[0m  [["key", "environment"], ["LIMIT", 1]]
  ↳ C:/RailsInstaller/Ruby2.3.3/bin/rake:22
  [1m[35m (0.0ms)[0m  [1m[36mbegin transaction[0m
  ↳ C:/RailsInstaller/Ruby2.3.3/bin/rake:22
  [1m[36mActiveRecord::InternalMetadata Create (0.7ms)[0m  [1m[32mINSERT INTO "ar_internal_metadata" ("key", "value", "created_at", "updated_at") VALUES (?, ?, ?, ?)[0m  [["key", "environment"], ["value", "development"], ["created_at", "2019-02-09 10:32:57.164494"], ["updated_at", "2019-02-09 10:32:57.164494"]]
  ↳ C:/RailsInstaller/Ruby2.3.3/bin/rake:22
  [1m[35m (13.8ms)[0m  [1m[36mcommit transaction[0m
  ↳ C:/RailsInstaller/Ruby2.3.3/bin/rake:22
  [1m[35m (0.1ms)[0m  [1m[34mSELECT "schema_migrations"."version" FROM "schema_migrations" ORDER BY "schema_migrations"."version" ASC[0m
  ↳ C:/RailsInstaller/Ruby2.3.3/bin/rake:22
